<?xml version="1.0" encoding="UTF-8"?>
<!-- Generated by org.testng.reporters.JUnitXMLReporter -->
<testsuite hostname="HP" ignored="1" name="Command line test" tests="5" failures="3" timestamp="03 Feb 2020 10:53:11 GMT" time="2.751" errors="0">
  <testcase name="DeleteAPIRequest" time="1.589" classname="com.http.test.DeleteAPITest">
    <failure type="junit.framework.AssertionFailedError" message="status code is not 200 expected:&amp;lt;200&amp;gt; but was:&amp;lt;422&amp;gt;">
      <![CDATA[junit.framework.AssertionFailedError: status code is not 200 expected:<200> but was:<422>
at junit.framework.Assert.fail(Assert.java:50)
at junit.framework.Assert.failNotEquals(Assert.java:287)
at junit.framework.Assert.assertEquals(Assert.java:67)
at junit.framework.Assert.assertEquals(Assert.java:199)
at com.http.test.DeleteAPITest.DeleteAPIRequest(DeleteAPITest.java:56)
... Removed 35 stack frames]]>
    </failure>
  </testcase> <!-- DeleteAPIRequest -->
  <testcase name="getRequestAPIWithHeaders" time="0.17" classname="com.http.test.GetAPITest"/>
  <testcase name="postAPIMethodTest" time="0.638" classname="com.http.test.POSTAPITest">
    <failure type="junit.framework.AssertionFailedError" message="status code is not 200 expected:&amp;lt;200&amp;gt; but was:&amp;lt;401&amp;gt;">
      <![CDATA[junit.framework.AssertionFailedError: status code is not 200 expected:<200> but was:<401>
at junit.framework.Assert.fail(Assert.java:50)
at junit.framework.Assert.failNotEquals(Assert.java:287)
at junit.framework.Assert.assertEquals(Assert.java:67)
at junit.framework.Assert.assertEquals(Assert.java:199)
at com.http.test.POSTAPITest.postAPIMethodTest(POSTAPITest.java:69)
... Removed 35 stack frames]]>
    </failure>
  </testcase> <!-- postAPIMethodTest -->
  <testcase name="postAPIMethodTest" time="0.121" classname="com.http.test.POSTAPIWidgetTest">
    <failure type="junit.framework.AssertionFailedError" message="status code is not 200 expected:&amp;lt;200&amp;gt; but was:&amp;lt;422&amp;gt;">
      <![CDATA[junit.framework.AssertionFailedError: status code is not 200 expected:<200> but was:<422>
at junit.framework.Assert.fail(Assert.java:50)
at junit.framework.Assert.failNotEquals(Assert.java:287)
at junit.framework.Assert.assertEquals(Assert.java:67)
at junit.framework.Assert.assertEquals(Assert.java:199)
at com.http.test.POSTAPIWidgetTest.postAPIMethodTest(POSTAPIWidgetTest.java:74)
... Removed 35 stack frames]]>
    </failure>
  </testcase> <!-- postAPIMethodTest -->
  <testcase name="putAPIMethodTest" time="0.143" classname="com.http.test.PUTAPITest"/>
  <testcase name="getAPITest" time="0.0" classname="com.http.test.GetAPITest">
    <ignored/>
  </testcase> <!-- getAPITest -->
</testsuite> <!-- Command line test -->
